2025-05-24 11:58:12.182 | INFO     | __main__:<module>:41 - Logging to file: logs\project_log.log
2025-05-24 11:58:12.182 | INFO     | __main__:main:63 - STARTING utils_logger.py
2025-05-24 11:58:12.184 | INFO     | __main__:log_example:54 - This is an example info message.
2025-05-24 11:58:12.184 | WARNING  | __main__:log_example:55 - This is an example warning message.
2025-05-24 11:58:12.184 | ERROR    | __main__:log_example:56 - This is an example error message.
2025-05-24 11:58:12.184 | INFO     | __main__:main:68 - View the log output at logs\project_log.log
2025-05-24 11:58:12.185 | INFO     | __main__:main:69 - EXITING utils_logger.py.
2025-05-25 23:56:16.085 | INFO     | utils_logger:<module>:41 - Logging to file: logs\project_log.log
2025-05-25 23:56:16.085 | INFO     | __main__:<module>:97 - Starting CSV processing...
2025-05-25 23:56:16.086 | ERROR    | __main__:analyze_ladder_score:60 - Error processing CSV file: [Errno 2] No such file or directory: 'C:\\Projects\\datafun-03-analytics\\data\\2020_happiness.csv'
2025-05-25 23:59:21.193 | INFO     | utils_logger:<module>:41 - Logging to file: logs\project_log.log
2025-05-25 23:59:21.193 | INFO     | __main__:main:97 - Starting CSV fetch demonstration...
2025-05-25 23:59:21.193 | INFO     | __main__:fetch_csv_file:56 - Fetching CSV data from https://raw.githubusercontent.com/MainakRepositor/Datasets/master/World%20Happiness%20Data/2020.csv...
2025-05-25 23:59:21.425 | INFO     | __main__:write_csv_file:80 - Writing CSV data to example_data\2020_happiness.csv...
2025-05-25 23:59:21.426 | INFO     | __main__:write_csv_file:84 - SUCCESS: CSV data written to example_data\2020_happiness.csv
2025-05-25 23:59:21.428 | INFO     | __main__:fetch_csv_file:60 - SUCCESS: CSV file fetched and saved as 2020_happiness.csv
2025-05-26 00:00:07.760 | INFO     | utils_logger:<module>:41 - Logging to file: logs\project_log.log
2025-05-26 00:00:07.760 | INFO     | __main__:main:97 - Starting Excel fetch demonstration...
2025-05-26 00:00:07.760 | INFO     | __main__:fetch_excel_file:56 - Fetching Excel data from https://raw.githubusercontent.com/denisecase/datafun-03-analytics/main/hosted/Feedback.xlsx...
2025-05-26 00:00:08.012 | INFO     | __main__:write_excel_file:80 - Writing Excel data to example_data\Feedback.xlsx...
2025-05-26 00:00:08.014 | INFO     | __main__:write_excel_file:84 - SUCCESS: Excel data written to example_data\Feedback.xlsx
2025-05-26 00:00:08.014 | INFO     | __main__:fetch_excel_file:60 - SUCCESS: Excel file fetched and saved as Feedback.xlsx
2025-05-26 00:00:24.966 | INFO     | utils_logger:<module>:41 - Logging to file: logs\project_log.log
2025-05-26 00:00:24.966 | INFO     | __main__:main:98 - Starting JSON fetch demonstration...
2025-05-26 00:00:24.966 | INFO     | __main__:fetch_json_file:57 - Fetching JSON data from http://api.open-notify.org/astros.json...
2025-05-26 00:00:28.288 | INFO     | __main__:write_json_file:81 - Writing JSON data to example_data\astros.json...
2025-05-26 00:00:28.291 | INFO     | __main__:write_json_file:85 - SUCCESS: JSON data written to example_data\astros.json
2025-05-26 00:00:28.291 | INFO     | __main__:fetch_json_file:61 - SUCCESS: JSON file fetched and saved as astros.json
2025-05-26 00:00:52.586 | INFO     | utils_logger:<module>:41 - Logging to file: logs\project_log.log
2025-05-26 00:00:52.587 | INFO     | __main__:main:97 - Starting text fetch demonstration...
2025-05-26 00:00:52.587 | INFO     | __main__:fetch_txt_file:56 - Fetching text data from https://raw.githubusercontent.com/denisecase/datafun-03-analytics/main/hosted/romeo.txt...
2025-05-26 00:00:52.878 | INFO     | __main__:write_txt_file:80 - Writing data to example_data\romeo.txt...
2025-05-26 00:00:52.880 | INFO     | __main__:write_txt_file:84 - SUCCESS: Data written to example_data\romeo.txt
2025-05-26 00:00:52.880 | INFO     | __main__:fetch_txt_file:60 - SUCCESS: Text file fetched and saved as romeo.txt
2025-05-26 00:06:44.482 | INFO     | utils_logger:<module>:41 - Logging to file: logs\project_log.log
2025-05-26 00:06:44.483 | INFO     | __main__:<module>:97 - Starting CSV processing...
2025-05-26 00:06:44.483 | ERROR    | __main__:analyze_ladder_score:60 - Error processing CSV file: [Errno 2] No such file or directory: 'data\\2020_happiness.csv'
2025-05-26 00:07:17.105 | INFO     | utils_logger:<module>:41 - Logging to file: logs\project_log.log
2025-05-26 00:07:17.105 | INFO     | __main__:<module>:97 - Starting CSV processing...
2025-05-26 00:07:17.105 | ERROR    | __main__:analyze_ladder_score:60 - Error processing CSV file: [Errno 2] No such file or directory: 'C:\\Projects\\datafun-03-analytics\\data\\2020_happiness.csv'
2025-05-26 00:07:53.514 | INFO     | utils_logger:<module>:41 - Logging to file: logs\project_log.log
2025-05-26 00:07:53.514 | INFO     | __main__:<module>:97 - Starting CSV processing...
2025-05-26 00:07:53.514 | ERROR    | __main__:analyze_ladder_score:60 - Error processing CSV file: [Errno 2] No such file or directory: 'C:\\Projects\\datafun-03-analytics\\data\\2020_happiness.csv'
2025-05-26 00:15:56.878 | INFO     | utils_logger:<module>:41 - Logging to file: logs\project_log.log
2025-05-26 00:15:56.878 | INFO     | __main__:<module>:97 - Starting CSV processing...
2025-05-26 00:15:56.880 | ERROR    | __main__:analyze_ladder_score:60 - Error processing CSV file: [Errno 2] No such file or directory: 'C:\\Projects\\datafun-03-analytics\\data\\2020_happiness.csv'
2025-05-26 00:21:05.291 | INFO     | utils_logger:<module>:41 - Logging to file: logs\project_log.log
2025-05-26 00:21:05.293 | INFO     | __main__:<module>:97 - Starting CSV processing...
2025-05-26 00:21:05.296 | INFO     | __main__:process_csv_file:90 - Processed CSV file: C:\Projects\datafun-03-analytics\data\2020_happiness.csv, Statistics saved to: C:\Projects\datafun-03-analytics\data_processed\happiness_ladder_score_stats.txt
2025-05-26 00:21:05.296 | INFO     | __main__:<module>:99 - CSV processing complete.
2025-05-26 00:22:05.832 | INFO     | utils_logger:<module>:41 - Logging to file: logs\project_log.log
2025-05-26 00:22:05.832 | INFO     | __main__:<module>:97 - Starting CSV processing...
2025-05-26 00:22:05.835 | INFO     | __main__:process_csv_file:90 - Processed CSV file: data\2020_happiness.csv, Statistics saved to: data_processed\happiness_ladder_score_stats.txt
2025-05-26 00:22:05.835 | INFO     | __main__:<module>:99 - CSV processing complete.
2025-05-26 00:42:27.093 | INFO     | utils_logger:<module>:41 - Logging to file: logs\project_log.log
2025-05-26 00:42:27.093 | INFO     | __main__:<module>:83 - Starting Excel processing...
2025-05-26 00:42:27.111 | INFO     | __main__:process_excel_file:76 - Processed Excel file: data\Feedback.xlsx, Word count saved to: data_processed\excel_feedback_github_count.txt
2025-05-26 00:42:27.111 | INFO     | __main__:<module>:85 - Excel processing complete.
2025-05-26 00:44:43.088 | INFO     | utils_logger:<module>:41 - Logging to file: logs\project_log.log
2025-05-26 00:44:43.088 | INFO     | __main__:main:98 - Starting JSON fetch demonstration...
2025-05-26 00:44:43.090 | INFO     | __main__:fetch_json_file:57 - Fetching JSON data from http://api.open-notify.org/astros.json...
2025-05-26 00:44:43.284 | INFO     | __main__:write_json_file:81 - Writing JSON data to example_data\astros.json...
2025-05-26 00:44:43.287 | INFO     | __main__:write_json_file:85 - SUCCESS: JSON data written to example_data\astros.json
2025-05-26 00:44:43.287 | INFO     | __main__:fetch_json_file:61 - SUCCESS: JSON file fetched and saved as astros.json
2025-05-26 00:45:59.373 | INFO     | utils_logger:<module>:41 - Logging to file: logs\project_log.log
2025-05-26 00:45:59.374 | INFO     | __main__:<module>:72 - Starting text processing...
2025-05-26 00:45:59.377 | INFO     | __main__:process_text_file:65 - Processed text file: data\romeo.txt, Word count saved to: data_processed\text_romeo_word_count.txt
2025-05-26 00:45:59.377 | INFO     | __main__:<module>:74 - Text processing complete.
2025-05-26 00:47:20.482 | INFO     | utils_logger:<module>:41 - Logging to file: logs\project_log.log
2025-05-26 00:47:20.483 | INFO     | __main__:<module>:72 - Starting text processing...
2025-05-26 00:47:20.485 | INFO     | __main__:process_text_file:65 - Processed text file: data\romeo.txt, Word count saved to: data_processed\text_romeo_word_count.txt
2025-05-26 00:47:20.485 | INFO     | __main__:<module>:74 - Text processing complete.
